0 info it worked if it ends with ok
1 verbose cli [ 'C:\\Program Files (x86)\\nodejs\\node.exe',
1 verbose cli   'C:\\Program Files (x86)\\nodejs\\node_modules\\npm\\bin\\npm-cli.js',
1 verbose cli   'start' ]
2 info using npm@4.1.1
3 info using node@v4.2.6
4 verbose run-script [ 'prestart', 'start', 'poststart' ]
5 info lifecycle DeFlumeri-webdev-finalproject@1.0.0~prestart: DeFlumeri-webdev-finalproject@1.0.0
6 silly lifecycle DeFlumeri-webdev-finalproject@1.0.0~prestart: no script for prestart, continuing
7 info lifecycle DeFlumeri-webdev-finalproject@1.0.0~start: DeFlumeri-webdev-finalproject@1.0.0
8 verbose lifecycle DeFlumeri-webdev-finalproject@1.0.0~start: unsafe-perm in lifecycle true
9 verbose lifecycle DeFlumeri-webdev-finalproject@1.0.0~start: PATH: C:\Program Files (x86)\nodejs\node_modules\npm\bin\node-gyp-bin;C:\cygwin64\home\Olivia\DeFlumeri-webdev-finalproject\node_modules\.bin;C:\cygwin64\usr\local\bin;C:\cygwin64\bin;C:\ProgramData\Oracle\Java\javapath;C:\Program Files (x86)\Intel\iCLS Client;C:\Program Files\Intel\iCLS Client;C:\WINDOWS\system32;C:\WINDOWS;C:\WINDOWS\System32\Wbem;C:\WINDOWS\System32\WindowsPowerShell\v1.0;C:\Program Files (x86)\Intel\OpenCL SDK\3.0\bin\x86;C:\Program Files (x86)\Intel\OpenCL SDK\3.0\bin\x64;C:\Program Files\Intel\Intel(R) Management Engine Components\DAL;C:\Program Files\Intel\Intel(R) Management Engine Components\IPT;C:\Program Files (x86)\Intel\Intel(R) Management Engine Components\DAL;C:\Program Files (x86)\Intel\Intel(R) Management Engine Components\IPT;C:\Program Files\Microsoft SQL Server\110\Tools\Binn;C:\Program Files (x86)\PharosSystems\Core;C:\Program Files\Intel\WiFi\bin;C:\Program Files\Common Files\Intel\WirelessCommon\c;C:\cygwin64\program files (x86)\common files\apple\apple application support;C:\Program Files (x86)\Windows Live\Shared;C:\Program Files\Common Files\Intel\WirelessCommon;C:\Program Files (x86)\QuickTime\QTSystem;C:\Program Files (x86)\Skype\Phone;C:\Program Files (x86)\nodejs;C:\Program Files\MATLAB\R2016a\bin;C:\Program Files\MATLAB\R2015b\bin;C:\Program Files\MongoDB\Server\3.4\bin;C:\Program Files\Git\cmd;C:\Ruby23-x64\bin;C:\Users\Olivia\AppData\Roaming\npm;C:\Users\Olivia\AppData\Local\.meteor;C:\Users\Olivia\AppData\Local\Microsoft\WindowsApps;C:\Program Files\MongoDB\Server\3.4\bin;C:\Program Files\Heroku\bin;C:\cygwin64\lib\lapack
10 verbose lifecycle DeFlumeri-webdev-finalproject@1.0.0~start: CWD: C:\cygwin64\home\Olivia\DeFlumeri-webdev-finalproject
11 silly lifecycle DeFlumeri-webdev-finalproject@1.0.0~start: Args: [ '/d /s /c',
11 silly lifecycle   'babel-node src/server.js --presets es2015 react' ]
12 silly lifecycle DeFlumeri-webdev-finalproject@1.0.0~start: Returned: code: 1  signal: null
13 info lifecycle DeFlumeri-webdev-finalproject@1.0.0~start: Failed to exec start script
14 verbose stack Error: DeFlumeri-webdev-finalproject@1.0.0 start: `babel-node src/server.js --presets es2015 react`
14 verbose stack Exit status 1
14 verbose stack     at EventEmitter.<anonymous> (C:\Program Files (x86)\nodejs\node_modules\npm\lib\utils\lifecycle.js:279:16)
14 verbose stack     at emitTwo (events.js:87:13)
14 verbose stack     at EventEmitter.emit (events.js:172:7)
14 verbose stack     at ChildProcess.<anonymous> (C:\Program Files (x86)\nodejs\node_modules\npm\lib\utils\spawn.js:40:14)
14 verbose stack     at emitTwo (events.js:87:13)
14 verbose stack     at ChildProcess.emit (events.js:172:7)
14 verbose stack     at maybeClose (internal/child_process.js:821:16)
14 verbose stack     at Process.ChildProcess._handle.onexit (internal/child_process.js:211:5)
15 verbose pkgid DeFlumeri-webdev-finalproject@1.0.0
16 verbose cwd C:\cygwin64\home\Olivia\DeFlumeri-webdev-finalproject\src
17 error Windows_NT 10.0.14393
18 error argv "C:\\Program Files (x86)\\nodejs\\node.exe" "C:\\Program Files (x86)\\nodejs\\node_modules\\npm\\bin\\npm-cli.js" "start"
19 error node v4.2.6
20 error npm  v4.1.1
21 error code ELIFECYCLE
22 error DeFlumeri-webdev-finalproject@1.0.0 start: `babel-node src/server.js --presets es2015 react`
22 error Exit status 1
23 error Failed at the DeFlumeri-webdev-finalproject@1.0.0 start script 'babel-node src/server.js --presets es2015 react'.
23 error Make sure you have the latest version of node.js and npm installed.
23 error If you do, this is most likely a problem with the DeFlumeri-webdev-finalproject package,
23 error not with npm itself.
23 error Tell the author that this fails on your system:
23 error     babel-node src/server.js --presets es2015 react
23 error You can get information on how to open an issue for this project with:
23 error     npm bugs DeFlumeri-webdev-finalproject
23 error Or if that isn't available, you can get their info via:
23 error     npm owner ls DeFlumeri-webdev-finalproject
23 error There is likely additional logging output above.
24 verbose exit [ 1, true ]
